"../../../Engine/Content/Functions/Engine_MaterialFunctions01/Opacity/CameraDepthFade.uasset" 0
"../../../Engine/Content/EngineMaterials/T_Default_Material_Grid_M.uasset" 1
"../../../Engine/Content/EngineMaterials/T_Default_Material_Grid_N.uasset" 2
"../../../Engine/Content/EngineMaterials/WorldGridMaterial.uasset" 3
"../../../Engine/Content/ArtTools/RenderToTexture/Meshes/S_1_Unit_Plane.uasset" 4
"../../../Engine/Content/EngineMaterials/DefaultMaterial.uasset" 5
"../../../Engine/Content/BasicShapes/Cone.uasset" 6
"../../../Engine/Content/BasicShapes/Cube.uasset" 7
"../../../Engine/Content/BasicShapes/Cylinder.uasset" 8
"../../../Engine/Content/BasicShapes/Plane.uasset" 9
"../../../Engine/Content/BasicShapes/Sphere.uasset" 10
"../../../Engine/Content/EngineMaterials/DefaultPhysicalMaterial.uasset" 11
"../../../Engine/Content/BufferVisualization/AmbientOcclusion.uasset" 12
"../../../Engine/Content/BufferVisualization/BaseColor.uasset" 13
"../../../Engine/Content/BufferVisualization/CustomDepth.uasset" 14
"../../../Engine/Content/Functions/Engine_MaterialFunctions02/Utility/VectorLength.uasset" 15
"../../../Engine/Content/BufferVisualization/CustomDepthWorldUnits.uasset" 16
"../../../Engine/Content/Functions/Engine_MaterialFunctions02/Utility/BreakOutFloat2Components.uasset" 17
"../../../Engine/Content/Functions/Engine_MaterialFunctions01/Texturing/ScaleUVsByCenter.uasset" 18
"../../../Engine/Content/Functions/Engine_MaterialFunctions02/ScreenResolution.uasset" 19
"../../../Engine/Content/Functions/Engine_MaterialFunctions02/Texturing/ScreenAlignedUVs.uasset" 20
"../../../Engine/Content/Functions/Engine_MaterialFunctions02/Utility/MakeFloat2.uasset" 21
"../../../Engine/Content/Functions/Engine_MaterialFunctions02/Utility/MakeFloat3.uasset" 22
"../../../Engine/Content/EngineMaterials/MiniFont.uasset" 23
"../../../Engine/Content/BufferVisualization/CustomStencil.uasset" 24
"../../../Engine/Content/BufferVisualization/FinalImage.uasset" 25
"../../../Engine/Content/BufferVisualization/LightingModel.uasset" 26
"../../../Engine/Content/BufferVisualization/MaterialAO.uasset" 27
"../../../Engine/Content/BufferVisualization/Metallic.uasset" 28
"../../../Engine/Content/BufferVisualization/Opacity.uasset" 29
"../../../Engine/Content/BufferVisualization/PostTonemapHDRColor.uasset" 30
"../../../Engine/Content/BufferVisualization/PreTonemapHDRColor.uasset" 31
"../../../Engine/Content/BufferVisualization/Roughness.uasset" 32
"../../../Engine/Content/BufferVisualization/SceneColor.uasset" 33
"../../../Engine/Content/BufferVisualization/SceneDepth.uasset" 34
"../../../Engine/Content/BufferVisualization/SceneDepthWorldUnits.uasset" 35
"../../../Engine/Content/BufferVisualization/SeparateTranslucencyA.uasset" 36
"../../../Engine/Content/BufferVisualization/SeparateTranslucencyRGB.uasset" 37
"../../../Engine/Content/BufferVisualization/Specular.uasset" 38
"../../../Engine/Content/BufferVisualization/SubsurfaceColor.uasset" 39
"../../../Engine/Content/BufferVisualization/WorldNormal.uasset" 40
"../../../Engine/Content/EditorLandscapeResources/DataLayer.uasset" 41
"../../../Engine/Content/EditorLandscapeResources/DefaultAlphaTexture.uasset" 42
"../../../Engine/Content/EditorLandscapeResources/LandscapeGizmoHeight_Mat.uasset" 43
"../../../Engine/Content/EditorLandscapeResources/LandscapeGizmo_Mat.uasset" 44
"../../../Engine/Content/EditorLandscapeResources/LandscapeGizmo_Mat_Copied.uasset" 45
"../../../Engine/Content/EditorLandscapeResources/SplineEditorMeshMat.uasset" 46
"../../../Engine/Content/EditorLandscapeResources/SplineEditorMesh.uasset" 47
"../../../Engine/Content/EditorMaterials/Cross.uasset" 48
"../../../Engine/Content/EditorMaterials/Cross_Mat.uasset" 49
"../../../Engine/Content/EditorMaterials/GizmoMaterial.uasset" 50
"../../../Engine/Content/Functions/Engine_MaterialFunctions02/Utility/Sign.uasset" 51
"../../../Engine/Content/Functions/Engine_MaterialFunctions02/Utility/Round.uasset" 52
"../../../Engine/Content/Functions/Engine_MaterialFunctions02/ExampleContent/Textures/flipbook.uasset" 53
"../../../Engine/Content/Functions/Engine_MaterialFunctions02/Texturing/FlipBook.uasset" 54
"../../../Engine/Content/EditorResources/T_EditorHelp.uasset" 55
"../../../Engine/Content/EditorMaterials/HelpActorMaterial.uasset" 56
"../../../Engine/Content/EditorMaterials/CompositeARGBLayer.uasset" 57
"../../../Engine/Content/EditorMaterials/TilingAALineIntegral.uasset" 58
"../../../Engine/Content/EditorMaterials/TilingAALineBoxFiltered.uasset" 59
"../../../Engine/Content/Functions/Engine_MaterialFunctions03/Procedurals/ComputeFilterWidth.uasset" 60
"../../../Engine/Content/EditorMaterials/TilingAADots.uasset" 61
"../../../Engine/Content/EngineMaterials/BlendFunc_DefBase.uasset" 62
"../../../Engine/Content/EngineMaterials/BlendFunc_DefBlend.uasset" 63
"../../../Engine/Content/Functions/Engine_MaterialFunctions03/Blends/Blend_Screen.uasset" 64
"../../../Engine/Content/EditorMaterials/TilingAAGrid.uasset" 65
"../../../Engine/Content/EditorMaterials/LevelGridMaterial.uasset" 66
"../../../Engine/Content/EditorMaterials/MakeCompositeARGBLayer.uasset" 67
"../../../Engine/Content/EditorResources/LevelGrid1DStripes.uasset" 68
"../../../Engine/Content/EditorMaterials/TextureGridCascaded1D.uasset" 69
"../../../Engine/Content/EditorMaterials/TextureGridCascaded2D.uasset" 70
"../../../Engine/Content/EditorMaterials/LevelGridMaterial2.uasset" 71
"../../../Engine/Content/EditorMaterials/MAT_Groups_Toggle.uasset" 72
"../../../Engine/Content/EditorMaterials/MAT_Groups_Visibility.uasset" 73
"../../../Engine/Content/EditorMaterials/PhAT_BoneSelectedMaterial.uasset" 74
"../../../Engine/Content/EditorMaterials/PhAT_ElemSelectedMaterial.uasset" 75
"../../../Engine/Content/EditorMaterials/PhAT_NoCollisionMaterial.uasset" 76
"../../../Engine/Content/EditorMaterials/PhAT_UnselectedMaterial.uasset" 77
"../../../Engine/Content/EditorMaterials/PreviewShadowIndicator.uasset" 78
"../../../Engine/Content/EditorMaterials/PreviewShadowIndicatorMaterial.uasset" 79
"../../../Engine/Content/EditorMaterials/TargetIcon.uasset" 80
"../../../Engine/Content/EditorMaterials/Tick.uasset" 81
"../../../Engine/Content/EditorMaterials/Tick_Mat.uasset" 82
"../../../Engine/Content/EditorMaterials/WidgetGridVertexColorMaterial.uasset" 83
"../../../Engine/Content/EditorMaterials/WidgetGridVertexColorMaterial_Ma.uasset" 84
"../../../Engine/Content/EditorMaterials/WidgetMaterial.uasset" 85
"../../../Engine/Content/EditorMaterials/WidgetMaterial_Current.uasset" 86
"../../../Engine/Content/EditorMaterials/WidgetMaterial_X.uasset" 87
"../../../Engine/Content/EditorMaterials/WidgetMaterial_Y.uasset" 88
"../../../Engine/Content/EditorMaterials/WidgetMaterial_Z.uasset" 89
"../../../Engine/Content/EditorMaterials/WidgetVertexColorMaterial.uasset" 90
"../../../Engine/Content/EditorMaterials/MatineeGroups/MAT_ColorTrack.uasset" 91
"../../../Engine/Content/EditorMaterials/MatineeGroups/MAT_Groups_Anim.uasset" 92
"../../../Engine/Content/EditorMaterials/MatineeGroups/MAT_Groups_AudioMaster.uasset" 93
"../../../Engine/Content/EditorMaterials/MatineeGroups/MAT_Groups_Director.uasset" 94
"../../../Engine/Content/EditorMaterials/MatineeGroups/MAT_Groups_Event.uasset" 95
"../../../Engine/Content/EditorMaterials/MatineeGroups/MAT_Groups_Fade.uasset" 96
"../../../Engine/Content/EditorMaterials/MatineeGroups/MAT_Groups_Float.uasset" 97
"../../../Engine/Content/EditorMaterials/MatineeGroups/MAT_Groups_Move.uasset" 98
"../../../Engine/Content/EditorMaterials/MatineeGroups/MAT_Groups_Slomo.uasset" 99
"../../../Engine/Content/EditorMaterials/MatineeGroups/MAT_Groups_Sound.uasset" 100
"../../../Engine/Content/EditorMaterials/MatineeGroups/MAT_Groups_Vector.uasset" 101
"../../../Engine/Content/EditorMaterials/ParticleSystems/PSysThumbnail_NoImage.uasset" 102
"../../../Engine/Content/EditorMaterials/ParticleSystems/PSysThumbnail_OOD.uasset" 103
"../../../Engine/Content/EngineMaterials/Grid.uasset" 104
"../../../Engine/Content/EditorMaterials/Thumbnails/FloorPlaneMaterial.uasset" 105
"../../../Engine/Content/EditorMeshes/EditorCube.uasset" 106
"../../../Engine/Content/EditorMeshes/EditorCylinder.uasset" 107
"../../../Engine/Content/EditorMeshes/EditorPlane.uasset" 108
"../../../Engine/Content/EditorMaterials/Thumbnails/SkySphereMaterial.uasset" 109
"../../../Engine/Content/EditorMeshes/EditorSkySphere.uasset" 110
"../../../Engine/Content/EditorMeshes/EditorSphere.uasset" 111
"../../../Engine/Content/EditorResources/MatineeCam_D.uasset" 112
"../../../Engine/Content/EditorMaterials/MatineeCam_mat.uasset" 113
"../../../Engine/Content/EditorMeshes/MatineeCam_SM.uasset" 114
"../../../Engine/Content/EditorMaterials/Camera/CineMat.uasset" 115
"../../../Engine/Content/EditorMaterials/Camera/MI_CineMat_CameraBody.uasset" 116
"../../../Engine/Content/EngineDebugMaterials/M_SimpleOpaque.uasset" 117
"../../../Engine/Content/EditorMaterials/Camera/MI_CineMat_CamViewFinder.uasset" 118
"../../../Engine/Content/EditorMeshes/Camera/SM_CineCam.uasset" 119
"../../../Engine/Content/EditorMaterials/Camera/MI_CineMat_Rig.uasset" 120
"../../../Engine/Content/EditorMeshes/Camera/SM_CraneRig_Arm.uasset" 121
"../../../Engine/Content/EditorMeshes/Camera/SM_CraneRig_Base.uasset" 122
"../../../Engine/Content/EditorMeshes/Camera/SM_CraneRig_Body.uasset" 123
"../../../Engine/Content/EditorMeshes/Camera/SM_CraneRig_Mount.uasset" 124
"../../../Engine/Content/EditorMeshes/Camera/SM_RailRig_Mount.uasset" 125
"../../../Engine/Content/EditorMeshes/Camera/SM_RailRig_Track.uasset" 126
"../../../Engine/Content/EditorResources/Bad.uasset" 127
"../../../Engine/Content/EditorResources/BSPVertex.uasset" 128
"../../../Engine/Content/EditorResources/EmptyActor.uasset" 129
"../../../Engine/Content/EditorResources/MatInstActSprite.uasset" 130
"../../../Engine/Content/EditorResources/SceneManager.uasset" 131
"../../../Engine/Content/EditorResources/SmallFont.uasset" 132
"../../../Engine/Content/EditorResources/S_Actor.uasset" 133
"../../../Engine/Content/EditorResources/S_DecalActorIcon.uasset" 134
"../../../Engine/Content/EditorResources/S_Emitter.uasset" 135
"../../../Engine/Content/EditorResources/S_ExpoHeightFog.uasset" 136
"../../../Engine/Content/EditorResources/S_FTest.uasset" 137
"../../../Engine/Content/EditorResources/S_KBSJoint.uasset" 138
"../../../Engine/Content/EditorResources/S_KHinge.uasset" 139
"../../../Engine/Content/EditorResources/S_KPrismatic.uasset" 140
"../../../Engine/Content/EditorResources/S_LevelSequence.uasset" 141
"../../../Engine/Content/EditorResources/S_NavP.uasset" 142
"../../../Engine/Content/EditorResources/S_Note.uasset" 143
"../../../Engine/Content/EditorResources/S_Player.uasset" 144
"../../../Engine/Content/EditorResources/S_PortalActorIcon2.uasset" 145
"../../../Engine/Content/EditorResources/S_RadForce.uasset" 146
"../../../Engine/Content/EditorResources/S_ReflActorIcon.uasset" 147
"../../../Engine/Content/EditorResources/S_Terrain.uasset" 148
"../../../Engine/Content/EditorResources/S_TextRenderActorIcon.uasset" 149
"../../../Engine/Content/EditorResources/S_Thruster.uasset" 150
"../../../Engine/Content/EditorResources/S_Trigger.uasset" 151
"../../../Engine/Content/EditorResources/S_VectorFieldVol.uasset" 152
"../../../Engine/Content/EditorResources/S_WindDirectional.uasset" 153
"../../../Engine/Content/EditorResources/AI/S_NavLink.uasset" 154
"../../../Engine/Content/EditorResources/AudioIcons/S_AudioComponent_AutoActivate.uasset" 155
"../../../Engine/Content/EditorResources/LightIcons/SkyLight.uasset" 156
"../../../Engine/Content/EditorResources/LightIcons/S_LightDirectional.uasset" 157
"../../../Engine/Content/EditorResources/LightIcons/S_LightDirectionalMove.uasset" 158
"../../../Engine/Content/EditorResources/LightIcons/S_LightError.uasset" 159
"../../../Engine/Content/EditorResources/LightIcons/S_LightPoint.uasset" 160
"../../../Engine/Content/EditorResources/LightIcons/S_LightPointMove.uasset" 161
"../../../Engine/Content/EditorResources/LightIcons/S_LightSpot.uasset" 162
"../../../Engine/Content/EditorResources/LightIcons/S_LightSpotMove.uasset" 163
"../../../Engine/Content/EditorResources/SequenceRecorder/Countdown.uasset" 164
"../../../Engine/Content/EditorResources/SequenceRecorder/RecordingIndicator.uasset" 165
"../../../Engine/Content/EditorResources/Spline/T_Loft_Spline.uasset" 166
"../../../Engine/Content/EditorSounds/Notifications/CompileFailed.uasset" 167
"../../../Engine/Content/EditorSounds/Notifications/CompileFailed_Cue.uasset" 168
"../../../Engine/Content/EditorSounds/Notifications/CompileSuccess.uasset" 169
"../../../Engine/Content/EditorSounds/Notifications/CompileStart_Cue.uasset" 170
"../../../Engine/Content/EditorSounds/Notifications/CompileSuccess_Cue.uasset" 171
"../../../Engine/Content/EngineDamageTypes/DmgTypeBP_Environmental.uasset" 172
"../../../Engine/Content/EngineDebugMaterials/HeatmapGradient.uasset" 173
"../../../Engine/Content/EngineDebugMaterials/BoneWeightMaterial.uasset" 174
"../../../Engine/Content/EngineDebugMaterials/ClothMaterial.uasset" 175
"../../../Engine/Content/EngineDebugMaterials/ClothMaterial_WF.uasset" 176
"../../../Engine/Content/EngineDebugMaterials/DebugEditorMaterial.uasset" 177
"../../../Engine/Content/EngineDebugMaterials/DebugMeshMaterial.uasset" 178
"../../../Engine/Content/EngineDebugMaterials/GeomMaterial.uasset" 179
"../../../Engine/Content/Functions/Engine_MaterialFunctions01/Shading/ConvertFromDiffSpec.uasset" 180
"../../../Engine/Content/EngineDebugMaterials/LevelColorationLitMaterial.uasset" 181
"../../../Engine/Content/EngineDebugMaterials/LevelColorationUnlitMaterial.uasset" 182
"../../../Engine/Content/EngineMaterials/DefaultWhiteGrid.uasset" 183
"../../../Engine/Content/EngineDebugMaterials/MAT_LevelColorationLitLightmapUV.uasset" 184
"../../../Engine/Content/EngineDebugMaterials/M_SimpleTranslucent.uasset" 185
"../../../Engine/Content/EngineDebugMaterials/ShadedLevelColorationLitMaterial.uasset" 186
"../../../Engine/Content/EngineDebugMaterials/ShadedLevelColorationUnlitMateri.uasset" 187
"../../../Engine/Content/EngineDebugMaterials/VertexColorMaterial.uasset" 188
"../../../Engine/Content/EngineDebugMaterials/VertexColorViewMode_AlphaAsColor.uasset" 189
"../../../Engine/Content/EngineDebugMaterials/VertexColorViewMode_BlueOnly.uasset" 190
"../../../Engine/Content/EngineDebugMaterials/VertexColorViewMode_ColorOnly.uasset" 191
"../../../Engine/Content/EngineDebugMaterials/VertexColorViewMode_GreenOnly.uasset" 192
"../../../Engine/Content/EngineDebugMaterials/VertexColorViewMode_RedOnly.uasset" 193
"../../../Engine/Content/EngineDebugMaterials/WireframeMaterial.uasset" 194
"../../../Engine/Content/EngineFonts/Faces/RobotoBold.uasset" 195
"../../../Engine/Content/EngineFonts/Faces/RobotoBoldItalic.uasset" 196
"../../../Engine/Content/EngineFonts/Faces/RobotoItalic.uasset" 197
"../../../Engine/Content/EngineFonts/Faces/RobotoLight.uasset" 198
"../../../Engine/Content/EngineFonts/Faces/RobotoRegular.uasset" 199
"../../../Engine/Content/EngineFonts/Roboto.uasset" 200
"../../../Engine/Content/EngineFonts/Faces/RobotoTiny.uasset" 201
"../../../Engine/Content/EngineFonts/RobotoTiny.uasset" 202
"../../../Engine/Content/EngineFonts/SmallFont.uasset" 203
"../../../Engine/Content/EngineFonts/TinyFont.uasset" 204
"../../../Engine/Content/EngineMaterials/BaseFlattenDiffuseMap.uasset" 205
"../../../Engine/Content/EngineMaterials/BaseFlattenEmissiveMap.uasset" 206
"../../../Engine/Content/EngineMaterials/BaseFlattenGrayscaleMap.uasset" 207
"../../../Engine/Content/EngineMaterials/BaseFlattenNormalMap.uasset" 208
"../../../Engine/Content/EngineMaterials/BaseFlattenMaterial.uasset" 209
"../../../Engine/Content/EngineResources/WhiteSquareTexture.uasset" 210
"../../../Engine/Content/EngineMaterials/BlinkingCaret.uasset" 211
"../../../Engine/Content/EngineMaterials/DefaultBloomKernel.uasset" 212
"../../../Engine/Content/EngineMaterials/DefaultBokeh.uasset" 213
"../../../Engine/Content/EngineMaterials/DefaultDiffuse.uasset" 214
"../../../Engine/Content/EngineMaterials/DefaultDeferredDecalMaterial.uasset" 215
"../../../Engine/Content/EngineMaterials/DefaultLightFunctionMaterial.uasset" 216
"../../../Engine/Content/EngineMaterials/DefaultNormal.uasset" 217
"../../../Engine/Content/EngineMaterials/DefaultPostProcessMaterial.uasset" 218
"../../../Engine/Content/EngineFonts/RobotoDistanceField.uasset" 219
"../../../Engine/Content/EngineMaterials/DefaultTextMaterialOpaque.uasset" 220
"../../../Engine/Content/EngineMaterials/EditorBrushMaterial.uasset" 221
"../../../Engine/Content/EngineMaterials/Good64x64TilingNoiseHighFreq.uasset" 222
"../../../Engine/Content/EngineMaterials/Grid_N.uasset" 223
"../../../Engine/Content/EngineMaterials/HighResolutionScreenshotMaskFunction.uasset" 224
"../../../Engine/Content/EngineMaterials/HighResScreenshot.uasset" 225
"../../../Engine/Content/EngineMaterials/HighResScreenshotCaptureRegion.uasset" 226
"../../../Engine/Content/EngineMaterials/HighResScreenshotMask.uasset" 227
"../../../Engine/Content/EngineMaterials/LandscapeHolePhysicalMaterial.uasset" 228
"../../../Engine/Content/EngineMaterials/InvalidLightmapSettings.uasset" 229
"../../../Engine/Content/EngineMaterials/M_InvalidLightmapSettings.uasset" 230
"../../../Engine/Content/EngineMaterials/PaperDiffuse.uasset" 231
"../../../Engine/Content/EngineMaterials/PaperNormal.uasset" 232
"../../../Engine/Content/Functions/Engine_MaterialFunctions02/WorldPositionOffset/CameraOffset.uasset" 233
"../../../Engine/Content/EngineMaterials/PhAT_JointLimitMaterial.uasset" 234
"../../../Engine/Content/EngineMaterials/PhysMat_Rubber.uasset" 235
"../../../Engine/Content/EngineMaterials/PreintegratedSkinBRDF.uasset" 236
"../../../Engine/Content/EngineMaterials/RemoveSurfaceMaterial.uasset" 237
"../../../Engine/Content/EngineMaterials/WeightMapPlaceholderTexture.uasset" 238
"../../../Engine/Content/EngineMaterials/Widget3DPassThrough.uasset" 239
"../../../Engine/Content/EngineMaterials/Widget3DPassThrough_Masked.uasset" 240
"../../../Engine/Content/EngineMaterials/Widget3DPassThrough_Opaque.uasset" 241
"../../../Engine/Content/EngineMaterials/Widget3DPassThrough_Masked_OneSided.uasset" 242
"../../../Engine/Content/EngineMaterials/Widget3DPassThrough_Opaque_OneSided.uasset" 243
"../../../Engine/Content/EngineMaterials/Widget3DPassThrough_Translucent.uasset" 244
"../../../Engine/Content/EngineMaterials/Widget3DPassThrough_Translucent_OneSided.uasset" 245
"../../../Engine/Content/EngineMeshes/Cylinder.uasset" 246
"../../../Engine/Content/EngineMeshes/Sphere.uasset" 247
"../../../Engine/Content/EngineResources/Black.uasset" 248
"../../../Engine/Content/EngineResources/DefaultTexture.uasset" 249
"../../../Engine/Content/EngineResources/DefaultTextureCube.uasset" 250
"../../../Engine/Content/EngineResources/DefaultVolumeTexture2D.uasset" 251
"../../../Engine/Content/EngineResources/DefaultVolumeTexture.uasset" 252
"../../../Engine/Content/EngineResources/GradientTexture0.uasset" 253
"../../../Engine/Content/EngineResources/StreamingPauseIcon.uasset" 254
"../../../Engine/Content/EngineResources/M_StreamingPause.uasset" 255
"../../../Engine/Content/EngineSounds/Master.uasset" 256
"../../../Engine/Content/Functions/Engine_MaterialFunctions01/Shading/PowerToRoughness.uasset" 257
"../../../Engine/Content/Maps/Templates/Thumbnails/Default.uasset" 258
"../../../Engine/Content/Maps/Templates/Thumbnails/VR-Basic.uasset" 259
"../../../Engine/Content/MapTemplates/Sky/DaylightAmbientCubemap.uasset" 260
"../../../Engine/Content/MobileResources/T_MobileControls_texture.uasset" 261
"../../../Engine/Content/MobileResources/T_MobileMenu2.uasset" 262
"../../../Engine/Content/MobileResources/HUD/AnalogHat.uasset" 263
"../../../Engine/Content/MobileResources/HUD/VirtualJoystick_Background.uasset" 264
"../../../Engine/Content/MobileResources/HUD/VirtualJoystick_Thumb.uasset" 265
"../../../Engine/Content/MobileResources/HUD/DefaultVirtualJoysticks.uasset" 266
"../../../Engine/Content/MobileResources/HUD/LeftVirtualJoystickOnly.uasset" 267
"../../../Engine/Content/MobileResources/HUD/MobileHUDButton1_off.uasset" 268
"../../../Engine/Content/MobileResources/HUD/MobileHUDButton1_on.uasset" 269
"../../../Engine/Content/MobileResources/HUD/MobileHUDButton2_off.uasset" 270
"../../../Engine/Content/MobileResources/HUD/MobileHUDButton2_on.uasset" 271
"../../../Engine/Content/MobileResources/HUD/MobileHUDButton3.uasset" 272
"../../../Engine/Content/MobileResources/HUD/MobileHUDButtonFire.uasset" 273
"../../../Engine/Content/MobileResources/HUD/MobileHUDDirectionPad.uasset" 274
"../../../Engine/Content/MobileResources/HUD/MobileHUDDirectionPad2.uasset" 275
"../../../Engine/Content/MobileResources/HUD/MobileHUDDirectionPad3.uasset" 276
"../../../Engine/Content/MobileResources/HUD/MobileHUDDirectionStick.uasset" 277
"../../../Engine/Content/MobileResources/HUD/T_Castle_ThumbstickInner.uasset" 278
"../../../Engine/Content/MobileResources/HUD/T_Castle_ThumbstickOutter.uasset" 279
"../../../Engine/Content/Tutorial/ContentIntroCurve.uasset" 280
"../../../Engine/Content/Tutorial/Basics/TutorialAssets/icon_tab_Levels_40x.uasset" 281
"../../../Engine/Content/Tutorial/BlueprintTutorials/TutorialAssets/Blueprint_64x.uasset" 282
"../../../Engine/Content/VREditor/LaserPointer/VR_LaserPower_01.uasset" 283
"../../../Engine/Content/VREditor/TransformGizmo/TransformGizmoMaterial.uasset" 284
"../../../Engine/Content/VREditor/TransformGizmo/TranslucentTransformGizmoMaterial.uasset" 285
"../../../Engine/Content/VREditor/TransformGizmo/BoundingBoxCorner.uasset" 286
"../../../Engine/Content/VREditor/TransformGizmo/BoundingBoxEdge.uasset" 287
"../../../Engine/Content/VREditor/TransformGizmo/PlaneTranslationHandle.uasset" 288
"../../../Engine/Content/VREditor/TransformGizmo/Main.uasset" 289
"../../../Engine/Content/VREditor/TransformGizmo/Xray.uasset" 290
"../../../Engine/Content/VREditor/TransformGizmo/SM_Sequencer_Key.uasset" 291
"../../../Engine/Content/VREditor/TransformGizmo/SM_Sequencer_Node.uasset" 292
"../../Plugins/2D/Paper2D/Content/PlaceholderTextures/DummySpriteTexture.uasset" 293
"../../Plugins/2D/Paper2D/Content/DummySprite.uasset" 294
"../../Plugins/2D/Paper2D/Content/DefaultPaperTerrainMaterial.uasset" 295
"../../Plugins/2D/Paper2D/Content/DefaultSpriteMaterial.uasset" 296
"../../Plugins/2D/Paper2D/Content/MaskedUnlitSpriteMaterial.uasset" 297
"../../Plugins/2D/Paper2D/Content/OpaqueUnlitSpriteMaterial.uasset" 298
"../../Plugins/Runtime/Oculus/OculusVR/Content/Materials/PokeAHoleMaterial.uasset" 299
"../../Plugins/Runtime/Oculus/OculusVR/Content/Textures/GearVRController_AO.uasset" 300
"../../Plugins/Runtime/Oculus/OculusVR/Content/Textures/GearVRController_Color.uasset" 301
"../../Plugins/Runtime/Oculus/OculusVR/Content/Textures/GearVRController_Normal.uasset" 302
"../../Plugins/Runtime/Oculus/OculusVR/Content/Materials/GearVRControllerMaterial.uasset" 303
"../../Plugins/Runtime/Oculus/OculusVR/Content/Meshes/GearVrController.uasset" 304
"../../Plugins/Runtime/Oculus/OculusVR/Content/Textures/touchController_albedo.uasset" 305
"../../Plugins/Runtime/Oculus/OculusVR/Content/Textures/touchController_controlmap.uasset" 306
"../../Plugins/Runtime/Oculus/OculusVR/Content/Materials/touchController_mat.uasset" 307
"../../Plugins/Runtime/Oculus/OculusVR/Content/Meshes/LeftTouchController.uasset" 308
"../../Plugins/Runtime/Oculus/OculusVR/Content/Meshes/RiftHMD.uasset" 309
"../../Plugins/Runtime/Oculus/OculusVR/Content/Meshes/RightTouchController.uasset" 310
"../../../Engine/Content/Maps/Entry_BuiltData.uasset" 311
"../../../Engine/Content/Maps/Entry.umap" 312
"../../../Engine/Content/EditorBlueprintResources/StandardMacros.uasset" 313
"../../../Engine/Content/EngineSky/C_Sky_Cloud_Color.uasset" 314
"../../../Engine/Content/EngineSky/C_Sky_Horizon_Color.uasset" 315
"../../../Engine/Content/EngineSky/C_Sky_Zenith_Color.uasset" 316
"../../../Engine/Content/EngineSky/T_Sky_Blue.uasset" 317
"../../../Engine/Content/EngineSky/T_Sky_Clouds_M.uasset" 318
"../../../Engine/Content/EngineSky/T_Sky_Stars.uasset" 319
"../../../Engine/Content/EngineSky/M_Sky_Panning_Clouds2.uasset" 320
"../../../../TRABAJOUNREAL/CubeTD/Content/Materials/M_Sky_Panning_Clouds2Modified.uasset" 321
"../../../Engine/Content/EngineSky/SM_SkySphere.uasset" 322
"../../../../TRABAJOUNREAL/CubeTD/Content/Blueprints/BP_Sky_Sphere.uasset" 323
"../../../../TRABAJOUNREAL/CubeTD/Content/Materials/TransparentMaterial.uasset" 324
"../../../../TRABAJOUNREAL/CubeTD/Content/Materials/RedTransparentMaterial.uasset" 325
"../../../../TRABAJOUNREAL/CubeTD/Content/Blueprints/Towers/Proyectiles/Explosion01.uasset" 326
"../../../../TRABAJOUNREAL/CubeTD/Content/Blueprints/Towers/Proyectiles/Explosion_Cue.uasset" 327
"../../../../TRABAJOUNREAL/CubeTD/Content/Meshes/Sphere.uasset" 328
"../../../../TRABAJOUNREAL/CubeTD/Content/StarterContent/Textures/T_Burst_M.uasset" 329
"../../../../TRABAJOUNREAL/CubeTD/Content/StarterContent/Particles/Materials/M_Burst.uasset" 330
"../../../../TRABAJOUNREAL/CubeTD/Content/StarterContent/Textures/T_Explosion_SubUV.uasset" 331
"../../../../TRABAJOUNREAL/CubeTD/Content/StarterContent/Particles/Materials/M_explosion_subUV.uasset" 332
"../../../../TRABAJOUNREAL/CubeTD/Content/StarterContent/Particles/Materials/m_flare_01.uasset" 333
"../../../Engine/Content/Functions/Engine_MaterialFunctions01/Gradient/RadialGradient.uasset" 334
"../../../../TRABAJOUNREAL/CubeTD/Content/StarterContent/Particles/Materials/M_radial_ramp.uasset" 335
"../../../../TRABAJOUNREAL/CubeTD/Content/StarterContent/Textures/T_Smoke_SubUV.uasset" 336
"../../../../TRABAJOUNREAL/CubeTD/Content/StarterContent/Textures/T_Smoke_Tiled_D.uasset" 337
"../../../../TRABAJOUNREAL/CubeTD/Content/StarterContent/Particles/Materials/M_smoke_subUV.uasset" 338
"../../../../TRABAJOUNREAL/CubeTD/Content/StarterContent/Particles/P_Explosion.uasset" 339
"../../../../TRABAJOUNREAL/CubeTD/Content/Blueprints/Towers/Proyectiles/ExplosiveProjectileBP.uasset" 340
"../../../Engine/Content/Functions/Engine_MaterialFunctions02/WorldPositionOffset/LocalPosition.uasset" 341
"../../../../TRABAJOUNREAL/CubeTD/Content/Materials/BugEnemyMaterial.uasset" 342
"../../../../TRABAJOUNREAL/CubeTD/Content/Materials/AoETowerMaterial_I.uasset" 343
"../../../../TRABAJOUNREAL/CubeTD/Content/Meshes/AoETower.uasset" 344
"../../../../TRABAJOUNREAL/CubeTD/Content/Blueprints/Towers/AoeShootingTowerBP.uasset" 345
"../../../../TRABAJOUNREAL/CubeTD/Content/Materials/GrayMetalicMaterial.uasset" 346
"../../../../TRABAJOUNREAL/CubeTD/Content/Meshes/Cube.uasset" 347
"../../../../TRABAJOUNREAL/CubeTD/Content/Blueprints/Towers/BasicTowerBP.uasset" 348
"../../../../TRABAJOUNREAL/CubeTD/Content/Materials/TrapMaterial.uasset" 349
"../../../../TRABAJOUNREAL/CubeTD/Content/Materials/ExplosiveTrapMaterial_I.uasset" 350
"../../../../TRABAJOUNREAL/CubeTD/Content/Blueprints/Towers/ExplosiveTrapBP.uasset" 351
"../../../../TRABAJOUNREAL/CubeTD/Content/Blueprints/Towers/Proyectiles/HitMarker.uasset" 352
"../../../../TRABAJOUNREAL/CubeTD/Content/Blueprints/Towers/Proyectiles/HitSound.uasset" 353
"../../../../TRABAJOUNREAL/CubeTD/Content/Blueprints/Towers/Proyectiles/ProjectileBP.uasset" 354
"../../../../TRABAJOUNREAL/CubeTD/Content/Materials/ShootingTowerMat_I.uasset" 355
"../../../../TRABAJOUNREAL/CubeTD/Content/Meshes/ShootingTower.uasset" 356
"../../../../TRABAJOUNREAL/CubeTD/Content/Blueprints/Towers/ShootingTowerBP.uasset" 357
"../../../../TRABAJOUNREAL/CubeTD/Content/Materials/SlowTrapMaterial_I.uasset" 358
"../../../../TRABAJOUNREAL/CubeTD/Content/Particles/BasicBlackClock_S.uasset" 359
"../../../../TRABAJOUNREAL/CubeTD/Content/Particles/ClockMaterial.uasset" 360
"../../../../TRABAJOUNREAL/CubeTD/Content/Particles/ClockEmitter.uasset" 361
"../../../../TRABAJOUNREAL/CubeTD/Content/Blueprints/Towers/SlowTrapBP.uasset" 362
"../../../../TRABAJOUNREAL/CubeTD/Content/Materials/GrayTransparentMaterial.uasset" 363
"../../../../TRABAJOUNREAL/CubeTD/Content/Materials/GreenTransparentMaterial.uasset" 364
"../../../../TRABAJOUNREAL/CubeTD/Content/Materials/YellowTransparentMaterial.uasset" 365
"../../../../TRABAJOUNREAL/CubeTD/Content/Blueprints/Towers/Widgets/BaseTowerWidget.uasset" 366
"../../../../TRABAJOUNREAL/CubeTD/Content/Blueprints/UI/Images/Resource.uasset" 367
"../../../../TRABAJOUNREAL/CubeTD/Content/Blueprints/Towers/Widgets/BuildWidget.uasset" 368
"../../../../TRABAJOUNREAL/CubeTD/Content/Blueprints/Towers/Widgets/TrapStats.uasset" 369
"../../../../TRABAJOUNREAL/CubeTD/Content/Blueprints/Towers/Widgets/UpgradeTower.uasset" 370
"../../../../TRABAJOUNREAL/CubeTD/Content/Blueprints/Towers/Widgets/UpgradeTowerStats.uasset" 371
"../../../../TRABAJOUNREAL/CubeTD/Content/Meshes/CubeWireframe.uasset" 372
"../../../../TRABAJOUNREAL/CubeTD/Content/Blueprints/CubeTDBoxBP.uasset" 373
"../../../../TRABAJOUNREAL/CubeTD/Content/Blueprints/SplineFollowerBP.uasset" 374
"../../../Engine/Content/Functions/Engine_MaterialFunctions02/HueShift.uasset" 375
"../../../../TRABAJOUNREAL/CubeTD/Content/Materials/AnimatedRainbowMaterial.uasset" 376
"../../../../TRABAJOUNREAL/CubeTD/Content/Meshes/icosahedron.uasset" 377
"../../../../TRABAJOUNREAL/CubeTD/Content/Blueprints/Structures/NexusBP.uasset" 378
"../../../../TRABAJOUNREAL/CubeTD/Content/Materials/BlackHoleMaterial.uasset" 379
"../../../../TRABAJOUNREAL/CubeTD/Content/Particles/BlackHoleParticles.uasset" 380
"../../../../TRABAJOUNREAL/CubeTD/Content/Blueprints/Structures/SpawnerBP.uasset" 381
"../../../../TRABAJOUNREAL/CubeTD/Content/Materials/BugEnemyMat_I.uasset" 382
"../../../../TRABAJOUNREAL/CubeTD/Content/Blueprints/UI/LifeBar.uasset" 383
"../../../../TRABAJOUNREAL/CubeTD/Content/Meshes/BugEnemy.uasset" 384
"../../../../TRABAJOUNREAL/CubeTD/Content/Blueprints/Enemies/NormalEnemy.uasset" 385
"../../../../TRABAJOUNREAL/CubeTD/Content/Rounds/DTRound01.uasset" 386
"../../../../TRABAJOUNREAL/CubeTD/Content/Materials/TankEnemyMat_I.uasset" 387
"../../../../TRABAJOUNREAL/CubeTD/Content/Blueprints/Enemies/TankEnemyBP.uasset" 388
"../../../../TRABAJOUNREAL/CubeTD/Content/Rounds/DTRound02.uasset" 389
"../../../../TRABAJOUNREAL/CubeTD/Content/Materials/Enemies/WiggleEnemyMat.uasset" 390
"../../../../TRABAJOUNREAL/CubeTD/Content/Meshes/WiggleEnemy.uasset" 391
"../../../../TRABAJOUNREAL/CubeTD/Content/Blueprints/Enemies/WiggleEnemyBP.uasset" 392
"../../../../TRABAJOUNREAL/CubeTD/Content/Rounds/DTRound03.uasset" 393
"../../../../TRABAJOUNREAL/CubeTD/Content/Materials/Enemies/DivisibleEnemyMat.uasset" 394
"../../../../TRABAJOUNREAL/CubeTD/Content/Meshes/DivisibleEnemy.uasset" 395
"../../../../TRABAJOUNREAL/CubeTD/Content/Blueprints/Enemies/DivisibleEnemyBP.uasset" 396
"../../../../TRABAJOUNREAL/CubeTD/Content/Rounds/DTRound04.uasset" 397
"../../../../TRABAJOUNREAL/CubeTD/Content/Rounds/DTRound05.uasset" 398
"../../../../TRABAJOUNREAL/CubeTD/Content/Rounds/DTRound06.uasset" 399
"../../../../TRABAJOUNREAL/CubeTD/Content/Rounds/DTRound07.uasset" 400
"../../../../TRABAJOUNREAL/CubeTD/Content/Rounds/DTRound08.uasset" 401
"../../../../TRABAJOUNREAL/CubeTD/Content/Rounds/DTRound09.uasset" 402
"../../../../TRABAJOUNREAL/CubeTD/Content/Rounds/DTRound10.uasset" 403
"../../../../TRABAJOUNREAL/CubeTD/Content/Rounds/DTRound11.uasset" 404
"../../../../TRABAJOUNREAL/CubeTD/Content/Rounds/DTRound12.uasset" 405
"../../../../TRABAJOUNREAL/CubeTD/Content/Rounds/DTRound13.uasset" 406
"../../../../TRABAJOUNREAL/CubeTD/Content/Rounds/DTRound14.uasset" 407
"../../../../TRABAJOUNREAL/CubeTD/Content/Rounds/DTRound15.uasset" 408
"../../../../TRABAJOUNREAL/CubeTD/Content/Rounds/DTRound16.uasset" 409
"../../../../TRABAJOUNREAL/CubeTD/Content/Maps/BaseMap_BuiltData.uasset" 410
"../../../../TRABAJOUNREAL/CubeTD/Content/Materials/ChessMaterial.uasset" 411
"../../../../TRABAJOUNREAL/CubeTD/Content/Materials/ChessMaterial_I.uasset" 412
"../../../Engine/Content/EditorResources/BadBlueprintSprite.uasset" 413
"../../../../TRABAJOUNREAL/CubeTD/Content/Blueprints/UI/Images/back_icon.uasset" 414
"../../../../TRABAJOUNREAL/CubeTD/Content/Blueprints/UI/Images/buttonColor.uasset" 415
"../../../../TRABAJOUNREAL/CubeTD/Content/Blueprints/UI/Images/exit_icon.uasset" 416
"../../../../TRABAJOUNREAL/CubeTD/Content/Blueprints/UI/Images/mute.uasset" 417
"../../../../TRABAJOUNREAL/CubeTD/Content/Blueprints/UI/Images/play_icon.uasset" 418
"../../../../TRABAJOUNREAL/CubeTD/Content/Blueprints/UI/Images/setting_icon.uasset" 419
"../../../../TRABAJOUNREAL/CubeTD/Content/Blueprints/UI/Images/speaker.uasset" 420
"../../../../TRABAJOUNREAL/CubeTD/Content/Blueprints/UI/Sounds/Sound.uasset" 421
"../../../../TRABAJOUNREAL/CubeTD/Content/Blueprints/UI/Sounds/MasterMix.uasset" 422
"../../../../TRABAJOUNREAL/CubeTD/Content/Blueprints/UI/Sounds/Music.uasset" 423
"../../../../TRABAJOUNREAL/CubeTD/Content/Blueprints/UI/Sounds/MusicMix.uasset" 424
"../../../../TRABAJOUNREAL/CubeTD/Content/Blueprints/Menus/PauseMenu.uasset" 425
"../../../../TRABAJOUNREAL/CubeTD/Content/Blueprints/UI/StatsFromSingleGameWidget.uasset" 426
"../../../../TRABAJOUNREAL/CubeTD/Content/Blueprints/UI/EndGameWidget.uasset" 427
"../../../../TRABAJOUNREAL/CubeTD/Content/Blueprints/UI/Images/Heart.uasset" 428
"../../../../TRABAJOUNREAL/CubeTD/Content/Blueprints/UI/Images/Round_Icon.uasset" 429
"../../../../TRABAJOUNREAL/CubeTD/Content/Blueprints/UI/MainHUD.uasset" 430
"../../../../TRABAJOUNREAL/CubeTD/Content/Blueprints/UI/NextRoundInfoElement.uasset" 431
"../../../../TRABAJOUNREAL/CubeTD/Content/Blueprints/UI/NextRoundInfo.uasset" 432
"../../../../TRABAJOUNREAL/CubeTD/Content/Blueprints/UI/Images/Power_icon.uasset" 433
"../../../../TRABAJOUNREAL/CubeTD/Content/Blueprints/UI/PowerUpButton.uasset" 434
"../../../../TRABAJOUNREAL/CubeTD/Content/Blueprints/UI/Images/Icon_Logro.uasset" 435
"../../../../TRABAJOUNREAL/CubeTD/Content/Blueprints/UI/Sounds/AchievementUnlockedSound.uasset" 436
"../../../../TRABAJOUNREAL/CubeTD/Content/Blueprints/UI/SingleAchievementWidget.uasset" 437
"../../../../TRABAJOUNREAL/CubeTD/Content/Blueprints/UI/Sounds/Starter_Music01.uasset" 438
"../../../../TRABAJOUNREAL/CubeTD/Content/Blueprints/UI/TextPopWidget.uasset" 439
"../../../../TRABAJOUNREAL/CubeTD/Content/Maps/BaseMap.umap" 440
